<?xml version="1.0" encoding="UTF-8"?>
<!-- Generated by org.testng.reporters.JUnitReportReporter -->
<testsuite hostname="GarvitDevice" failures="0" tests="2" name="com.dotKonnekt.tests.DigitalProductPageTest" time="11.267" errors="0" timestamp="2023-03-14T12:38:39 IST" skipped="1">
  <testcase classname="com.dotKonnekt.tests.DigitalProductPageTest" name="DigitalProductPage_courseHighlightSection" time="11.267"/>
  <system-out/>
  <testcase classname="com.dotKonnekt.tests.DigitalProductPageTest" name="DigitalProductPage_WishlistIconfunctionality1">
    <skipped/>
  </testcase> <!-- DigitalProductPage_WishlistIconfunctionality1 -->
  <system-out/>
</testsuite> <!-- com.dotKonnekt.tests.DigitalProductPageTest -->
