<?xml version="1.0" encoding="UTF-8"?>
<!-- Generated by org.testng.reporters.JUnitReportReporter -->
<testsuite hostname="GarvitDevice" failures="0" tests="3" name="com.dotKonnektMobile.tests.ProductPageTest" time="96.779" errors="0" timestamp="2023-05-17T14:02:06 IST" skipped="1">
  <testcase classname="com.dotKonnektMobile.tests.ProductPageTest" name="ProductPage_weFoundOtherContentYouMightLike" time="49.968"/>
  <system-out/>
  <testcase classname="com.dotKonnektMobile.tests.ProductPageTest" name="ProductPage_weFoundOtherContentYouMightLike" time="46.811"/>
  <system-out/>
  <testcase classname="com.dotKonnektMobile.tests.ProductPageTest" name="ProductPage_WishlistIconfunctionality1">
    <skipped/>
  </testcase> <!-- ProductPage_WishlistIconfunctionality1 -->
  <system-out/>
</testsuite> <!-- com.dotKonnektMobile.tests.ProductPageTest -->
