<?xml version="1.0" encoding="UTF-8"?>
<!-- Generated by org.testng.reporters.JUnitReportReporter -->
<testsuite hostname="GarvitDevice" failures="0" tests="4" name="com.dotKonnekt.tests.RecipePageTest" time="6.640" errors="0" timestamp="2023-03-15T14:21:05 IST" skipped="3">
  <testcase classname="com.dotKonnekt.tests.RecipePageTest" name="RecipePage_tagsVerification" time="6.640"/>
  <system-out/>
  <testcase classname="com.dotKonnekt.tests.RecipePageTest" name="RecipePage_AddCommentinCommentSeection">
    <skipped/>
  </testcase> <!-- RecipePage_AddCommentinCommentSeection -->
  <system-out/>
  <testcase classname="com.dotKonnekt.tests.RecipePageTest" name="RecipePage_bookMarkIconFunctionality">
    <skipped/>
  </testcase> <!-- RecipePage_bookMarkIconFunctionality -->
  <system-out/>
  <testcase classname="com.dotKonnekt.tests.RecipePageTest" name="RecipePage_likeIconFunctionality">
    <skipped/>
  </testcase> <!-- RecipePage_likeIconFunctionality -->
  <system-out/>
</testsuite> <!-- com.dotKonnekt.tests.RecipePageTest -->
