<?xml version="1.0" encoding="UTF-8"?>
<!-- Generated by org.testng.reporters.JUnitReportReporter -->
<testsuite hostname="GarvitDevice" failures="0" tests="3" name="com.dotKonnekt.tests.RecipePage2" time="14.911" errors="0" timestamp="2022-12-05T11:59:40 IST" skipped="0">
  <testcase classname="com.dotKonnekt.tests.RecipePage2" name="verifyTitle" time="3.448"/>
  <system-out/>
  <testcase classname="com.dotKonnekt.tests.RecipePage2" name="verifyPageHeader" time="6.718"/>
  <system-out/>
  <testcase classname="com.dotKonnekt.tests.RecipePage2" name="verifyMenusLists" time="4.745"/>
  <system-out/>
</testsuite> <!-- com.dotKonnekt.tests.RecipePage2 -->
