<?xml version="1.0" encoding="UTF-8"?>
<!-- Generated by org.testng.reporters.JUnitReportReporter -->
<testsuite hostname="GarvitDevice" failures="0" tests="3" name="com.dotKonnekt.tests.BlogPageTest" time="23.003" errors="0" timestamp="2023-03-15T14:24:13 IST" skipped="0">
  <testcase classname="com.dotKonnekt.tests.BlogPageTest" name="BlogPage_tagsVerification" time="7.777"/>
  <system-out/>
  <testcase classname="com.dotKonnekt.tests.BlogPageTest" name="BlogPage_tagsVerification" time="8.436"/>
  <system-out/>
  <testcase classname="com.dotKonnekt.tests.BlogPageTest" name="BlogPage_tagsVerification" time="6.790"/>
  <system-out/>
</testsuite> <!-- com.dotKonnekt.tests.BlogPageTest -->
