<?xml version="1.0" encoding="UTF-8"?>
<!-- Generated by org.testng.reporters.JUnitReportReporter -->
<testsuite hostname="GarvitDevice" failures="0" tests="2" name="com.dotKonnekt.tests.HomePageTest" time="6.981" errors="0" timestamp="2023-04-04T10:57:13 IST" skipped="1">
  <testcase classname="com.dotKonnekt.tests.HomePageTest" name="HomePage_PageHeaderVerification" time="6.981"/>
  <system-out/>
  <testcase classname="com.dotKonnekt.tests.HomePageTest" name="HomePage_endToEndGuestScenarioByClickingProductTileLoggedIn">
    <skipped/>
  </testcase> <!-- HomePage_endToEndGuestScenarioByClickingProductTileLoggedIn -->
  <system-out/>
</testsuite> <!-- com.dotKonnekt.tests.HomePageTest -->
