<?xml version="1.0" encoding="UTF-8"?>
<!-- Generated by org.testng.reporters.JUnitReportReporter -->
<testsuite hostname="GarvitDevice" failures="0" tests="6" name="com.dotKonnektMobile.tests.HomePageTest" time="5.980" errors="0" timestamp="2023-05-24T15:12:54 IST" skipped="5">
  <testcase classname="com.dotKonnektMobile.tests.HomePageTest" name="HomePage_PageHeaderVerification" time="5.980"/>
  <system-out/>
  <testcase classname="com.dotKonnektMobile.tests.HomePageTest" name="HomePage_endToEndGuestScenarioByClickingProductTileLoggedIn">
    <skipped/>
  </testcase> <!-- HomePage_endToEndGuestScenarioByClickingProductTileLoggedIn -->
  <system-out/>
  <testcase classname="com.dotKonnektMobile.tests.HomePageTest" name="HomePage_endToEndGuestScenarioByClickingProductTileGuestUSer">
    <skipped/>
  </testcase> <!-- HomePage_endToEndGuestScenarioByClickingProductTileGuestUSer -->
  <system-out/>
  <testcase classname="com.dotKonnektMobile.tests.HomePageTest" name="HomePage_endToEndGuestScenarioByClickingProductCartIconGuestUSer">
    <skipped/>
  </testcase> <!-- HomePage_endToEndGuestScenarioByClickingProductCartIconGuestUSer -->
  <system-out/>
  <testcase classname="com.dotKonnektMobile.tests.HomePageTest" name="HomePage_endToEndGuestScenarioByClickingProductCartIconLoggedUSer">
    <skipped/>
  </testcase> <!-- HomePage_endToEndGuestScenarioByClickingProductCartIconLoggedUSer -->
  <system-out/>
  <testcase classname="com.dotKonnektMobile.tests.HomePageTest" name="HomePage_SendAMessageFunctionalityLoggedInUser">
    <skipped/>
  </testcase> <!-- HomePage_SendAMessageFunctionalityLoggedInUser -->
  <system-out/>
</testsuite> <!-- com.dotKonnektMobile.tests.HomePageTest -->
