<?xml version="1.0" encoding="UTF-8"?>
<!-- Generated by org.testng.reporters.JUnitReportReporter -->
<testsuite hostname="GarvitDevice" failures="0" tests="6" name="com.dotKonnekt.tests.BlogPageTest" time="36.811" errors="0" timestamp="2023-04-04T11:02:10 IST" skipped="3">
  <testcase classname="com.dotKonnekt.tests.BlogPageTest" name="BlogPage_BlogVideoVerification_dotFashion" time="11.747"/>
  <system-out/>
  <testcase classname="com.dotKonnekt.tests.BlogPageTest" name="BlogPage_BlogVideoVerification_dotFashion" time="12.014"/>
  <system-out/>
  <testcase classname="com.dotKonnekt.tests.BlogPageTest" name="BlogPage_BlogVideoVerification_dotFashion" time="13.050"/>
  <system-out/>
  <testcase classname="com.dotKonnekt.tests.BlogPageTest" name="BlogPage_AddCommentinCommentSeection_dotFashion">
    <skipped/>
  </testcase> <!-- BlogPage_AddCommentinCommentSeection_dotFashion -->
  <system-out/>
  <testcase classname="com.dotKonnekt.tests.BlogPageTest" name="BlogPage_bookMarkIconFunctionalityLoggedIn_dotFashion">
    <skipped/>
  </testcase> <!-- BlogPage_bookMarkIconFunctionalityLoggedIn_dotFashion -->
  <system-out/>
  <testcase classname="com.dotKonnekt.tests.BlogPageTest" name="BlogPage_likeIconFunctionality_dotFashion">
    <skipped/>
  </testcase> <!-- BlogPage_likeIconFunctionality_dotFashion -->
  <system-out/>
</testsuite> <!-- com.dotKonnekt.tests.BlogPageTest -->
