<?xml version="1.0" encoding="UTF-8"?>
<!-- Generated by org.testng.reporters.JUnitReportReporter -->
<testsuite hostname="GarvitDevice" failures="0" tests="6" name="com.dotKonnekt.tests.RecipePageTest" time="74.266" errors="0" timestamp="2022-12-01T09:05:56 IST" skipped="0">
  <testcase classname="com.dotKonnekt.tests.RecipePageTest" name="verifyTitle" time="4.109"/>
  <system-out/>
  <testcase classname="com.dotKonnekt.tests.RecipePageTest" name="verifyPageHeader" time="26.792"/>
  <system-out/>
  <testcase classname="com.dotKonnekt.tests.RecipePageTest" name="verifyMenusLists" time="4.449"/>
  <system-out/>
  <testcase classname="com.dotKonnekt.tests.RecipePageTest" name="verifyDirections" time="7.014"/>
  <system-out/>
  <testcase classname="com.dotKonnekt.tests.RecipePageTest" name="verifyBlog" time="9.418"/>
  <system-out/>
  <testcase classname="com.dotKonnekt.tests.RecipePageTest" name="verifySkinList" time="22.484"/>
  <system-out/>
</testsuite> <!-- com.dotKonnekt.tests.RecipePageTest -->
