<?xml version="1.0" encoding="UTF-8"?>
<!-- Generated by org.testng.reporters.JUnitReportReporter -->
<testsuite hostname="GarvitDevice" failures="0" tests="1" name="com.dotKonnekt.tests.RecipePage3" time="5.038" errors="0" timestamp="2022-12-05T17:08:39 IST" skipped="0">
  <testcase classname="com.dotKonnekt.tests.RecipePage3" name="recipePagesetUp" time="5.038"/>
  <system-out/>
</testsuite> <!-- com.dotKonnekt.tests.RecipePage3 -->
