<?xml version="1.0" encoding="UTF-8"?>
<!-- Generated by org.testng.reporters.JUnitReportReporter -->
<testsuite hostname="GarvitDevice" failures="0" tests="8" name="com.dotKonnekt.tests.LoginPageTest" time="10.801" errors="0" timestamp="2022-12-02T08:53:09 IST" skipped="7">
  <testcase classname="com.dotKonnekt.tests.LoginPageTest" name="verifyTitle" time="10.801"/>
  <system-out/>
  <testcase classname="com.dotKonnekt.tests.LoginPageTest" name="validateTxt">
    <skipped/>
  </testcase> <!-- validateTxt -->
  <system-out/>
  <testcase classname="com.dotKonnekt.tests.LoginPageTest" name="verifySkinList">
    <skipped/>
  </testcase> <!-- verifySkinList -->
  <system-out/>
  <testcase classname="com.dotKonnekt.tests.LoginPageTest" name="validateCheckbox">
    <skipped/>
  </testcase> <!-- validateCheckbox -->
  <system-out/>
  <testcase classname="com.dotKonnekt.tests.LoginPageTest" name="validateWelcomeMsg">
    <skipped/>
  </testcase> <!-- validateWelcomeMsg -->
  <system-out/>
  <testcase classname="com.dotKonnekt.tests.LoginPageTest" name="verifyPageHeader">
    <skipped/>
  </testcase> <!-- verifyPageHeader -->
  <system-out/>
  <testcase classname="com.dotKonnekt.tests.LoginPageTest" name="loginTestValidation">
    <skipped/>
  </testcase> <!-- loginTestValidation -->
  <system-out/>
  <testcase classname="com.dotKonnekt.tests.LoginPageTest" name="verifyMenusLists">
    <skipped/>
  </testcase> <!-- verifyMenusLists -->
  <system-out/>
</testsuite> <!-- com.dotKonnekt.tests.LoginPageTest -->
