<?xml version="1.0" encoding="UTF-8"?>
<!-- Generated by org.testng.reporters.JUnitReportReporter -->
<testsuite hostname="GarvitDevice" failures="0" tests="2" name="com.dotKonnekt.tests.ProductPageTest" time="9.716" errors="0" timestamp="2023-03-14T12:40:01 IST" skipped="1">
  <testcase classname="com.dotKonnekt.tests.ProductPageTest" name="ProductPage_whatYouGet" time="9.716"/>
  <system-out/>
  <testcase classname="com.dotKonnekt.tests.ProductPageTest" name="ProductPage_WishlistIconfunctionality1">
    <skipped/>
  </testcase> <!-- ProductPage_WishlistIconfunctionality1 -->
  <system-out/>
</testsuite> <!-- com.dotKonnekt.tests.ProductPageTest -->
