<?xml version="1.0" encoding="UTF-8"?>
<!-- Generated by org.testng.reporters.JUnitReportReporter -->
<testsuite hostname="GarvitDevice" failures="0" tests="1" name="com.dotKonnekt.tests.HomePageTest" time="16.132" errors="0" timestamp="2023-03-13T15:44:23 IST" skipped="0">
  <testcase classname="com.dotKonnekt.tests.HomePageTest" name="TitleVerification" time="16.132"/>
  <system-out/>
</testsuite> <!-- com.dotKonnekt.tests.HomePageTest -->
