<?xml version="1.0" encoding="UTF-8"?>
<!-- Generated by org.testng.reporters.JUnitReportReporter -->
<testsuite hostname="GarvitDevice" failures="0" tests="6" name="com.dotKonnekt.tests.RecipePageTest" time="6.717" errors="0" timestamp="2023-04-04T11:16:20 IST" skipped="5">
  <testcase classname="com.dotKonnekt.tests.RecipePageTest" name="RecipePage_NutritionlistVerification" time="6.717"/>
  <system-out/>
  <testcase classname="com.dotKonnekt.tests.RecipePageTest" name="RecipePage_AddCommentinCommentSeection">
    <skipped/>
  </testcase> <!-- RecipePage_AddCommentinCommentSeection -->
  <system-out/>
  <testcase classname="com.dotKonnekt.tests.RecipePageTest" name="RecipePage_bookMarkIconFunctionality">
    <skipped/>
  </testcase> <!-- RecipePage_bookMarkIconFunctionality -->
  <system-out/>
  <testcase classname="com.dotKonnekt.tests.RecipePageTest" name="RecipePage_likeIconFunctionality">
    <skipped/>
  </testcase> <!-- RecipePage_likeIconFunctionality -->
  <system-out/>
  <testcase classname="com.dotKonnekt.tests.RecipePageTest" name="RecipePage_TaglistElementsVerificationloggedIn">
    <skipped/>
  </testcase> <!-- RecipePage_TaglistElementsVerificationloggedIn -->
  <system-out/>
  <testcase classname="com.dotKonnekt.tests.RecipePageTest" name="RecipePageToCheckoutPage">
    <skipped/>
  </testcase> <!-- RecipePageToCheckoutPage -->
  <system-out/>
</testsuite> <!-- com.dotKonnekt.tests.RecipePageTest -->
