<?xml version="1.0" encoding="UTF-8"?>
<!-- Generated by org.testng.reporters.JUnitReportReporter -->
<testsuite hostname="GarvitDevice" failures="0" tests="5" name="com.dotKonnekt.tests.RecipePageTest" time="11.441" errors="0" timestamp="2023-05-04T17:53:05 IST" skipped="4">
  <testcase classname="com.dotKonnekt.tests.RecipePageTest" name="RecipePage_addCommentVerification" time="11.441"/>
  <system-out/>
  <testcase classname="com.dotKonnekt.tests.RecipePageTest" name="RecipePage_TaglistElementsVerificationloggedIn">
    <skipped/>
  </testcase> <!-- RecipePage_TaglistElementsVerificationloggedIn -->
  <system-out/>
  <testcase classname="com.dotKonnekt.tests.RecipePageTest" name="RecipePage_likeIconFunctionality">
    <skipped/>
  </testcase> <!-- RecipePage_likeIconFunctionality -->
  <system-out/>
  <testcase classname="com.dotKonnekt.tests.RecipePageTest" name="RecipePageToCheckoutPage">
    <skipped/>
  </testcase> <!-- RecipePageToCheckoutPage -->
  <system-out/>
  <testcase classname="com.dotKonnekt.tests.RecipePageTest" name="RecipePage_bookMarkIconFunctionality">
    <skipped/>
  </testcase> <!-- RecipePage_bookMarkIconFunctionality -->
  <system-out/>
</testsuite> <!-- com.dotKonnekt.tests.RecipePageTest -->
