<?xml version="1.0" encoding="UTF-8"?>
<!-- Generated by org.testng.reporters.JUnitReportReporter -->
<testsuite hostname="GarvitDevice" failures="0" tests="1" name="com.dotKonnekt.tests.MyAccountPageTest" time="24.696" errors="0" timestamp="2023-02-24T10:20:23 IST" skipped="0">
  <testcase classname="com.dotKonnekt.tests.MyAccountPageTest" name="MyAccount_OrdersElements" time="24.696"/>
  <system-out/>
</testsuite> <!-- com.dotKonnekt.tests.MyAccountPageTest -->
