<?xml version="1.0" encoding="UTF-8"?>
<!-- Generated by org.testng.reporters.JUnitReportReporter -->
<testsuite hostname="GarvitDevice" failures="0" tests="3" name="com.dotKonnekt.tests.LoginPageTest" time="24.907" errors="0" timestamp="2023-03-01T22:56:54 IST" skipped="2">
  <testcase classname="com.dotKonnekt.tests.LoginPageTest" name="loginSetup" time="24.907"/>
  <system-out/>
  <testcase classname="com.dotKonnekt.tests.LoginPageTest" name="titleVerification">
    <skipped/>
  </testcase> <!-- titleVerification -->
  <system-out/>
  <testcase classname="com.dotKonnekt.tests.LoginPageTest" name="pageHeaderVerification">
    <skipped/>
  </testcase> <!-- pageHeaderVerification -->
  <system-out/>
</testsuite> <!-- com.dotKonnekt.tests.LoginPageTest -->
