<?xml version="1.0" encoding="UTF-8"?>
<!-- Generated by org.testng.reporters.JUnitReportReporter -->
<testsuite hostname="GarvitDevice" failures="0" tests="5" name="com.dotKonnekt.tests.RecipePageTest" time="57.066" errors="0" timestamp="2022-11-28T14:52:04 IST" skipped="1">
  <testcase classname="com.dotKonnekt.tests.RecipePageTest" name="verifyTitle" time="12.300"/>
  <system-out/>
  <testcase classname="com.dotKonnekt.tests.RecipePageTest" name="verifyPageHeader" time="10.248"/>
  <system-out/>
  <testcase classname="com.dotKonnekt.tests.RecipePageTest" name="verifyDirections" time="16.766"/>
  <system-out/>
  <testcase classname="com.dotKonnekt.tests.RecipePageTest" name="verifyBlog" time="17.752"/>
  <system-out/>
  <testcase classname="com.dotKonnekt.tests.RecipePageTest" name="verifyMenusLists">
    <skipped/>
  </testcase> <!-- verifyMenusLists -->
  <system-out/>
</testsuite> <!-- com.dotKonnekt.tests.RecipePageTest -->
